<?xml version="1.0" encoding="UTF-8"?>
<testng-results skipped="0" failed="0" ignored="0" total="1" passed="1">
  <reporter-output>
  </reporter-output>
  <suite name="PageVlidations.AppTest" duration-ms="136606" started-at="2019-07-18T10:05:19Z" finished-at="2019-07-18T10:07:35Z">
    <groups>
    </groups>
    <test name="Command line test" duration-ms="136606" started-at="2019-07-18T10:05:19Z" finished-at="2019-07-18T10:07:35Z">
      <class name="PageVlidations.AppTest">
        <test-method status="PASS" signature="opeN()[pri:0, instance:PageVlidations.AppTest@4439f31e]" name="opeN" is-config="true" duration-ms="33764" started-at="2019-07-18T10:05:19Z" finished-at="2019-07-18T10:05:53Z">
          <reporter-output>
          </reporter-output>
        </test-method> <!-- opeN -->
        <test-method status="PASS" signature="verifyEmpReg()[pri:0, instance:PageVlidations.AppTest@4439f31e]" name="verifyEmpReg" duration-ms="101505" started-at="2019-07-18T10:05:53Z" finished-at="2019-07-18T10:07:34Z">
          <reporter-output>
          </reporter-output>
        </test-method> <!-- verifyEmpReg -->
        <test-method status="PASS" signature="closE()[pri:0, instance:PageVlidations.AppTest@4439f31e]" name="closE" is-config="true" duration-ms="1271" started-at="2019-07-18T10:07:34Z" finished-at="2019-07-18T10:07:35Z">
          <reporter-output>
          </reporter-output>
        </test-method> <!-- closE -->
      </class> <!-- PageVlidations.AppTest -->
    </test> <!-- Command line test -->
  </suite> <!-- PageVlidations.AppTest -->
</testng-results>
