<?xml version="1.0" encoding="UTF-8"?>
<testng-results skipped="0" failed="0" ignored="0" total="1" passed="1">
  <reporter-output>
  </reporter-output>
  <suite name="Default suite" duration-ms="121096" started-at="2019-07-18T12:28:17Z" finished-at="2019-07-18T12:30:19Z">
    <groups>
    </groups>
    <test name="Default test" duration-ms="121096" started-at="2019-07-18T12:28:17Z" finished-at="2019-07-18T12:30:19Z">
      <class name="PageVlidations.AppTest">
        <test-method status="PASS" signature="opeN()[pri:0, instance:PageVlidations.AppTest@1990a65e]" name="opeN" is-config="true" duration-ms="10680" started-at="2019-07-18T12:28:17Z" finished-at="2019-07-18T12:28:28Z">
          <reporter-output>
          </reporter-output>
        </test-method> <!-- opeN -->
        <test-method status="PASS" signature="verifyEmpReg()[pri:0, instance:PageVlidations.AppTest@1990a65e]" name="verifyEmpReg" duration-ms="108784" started-at="2019-07-18T12:28:28Z" finished-at="2019-07-18T12:30:17Z">
          <reporter-output>
          </reporter-output>
        </test-method> <!-- verifyEmpReg -->
        <test-method status="PASS" signature="closE()[pri:0, instance:PageVlidations.AppTest@1990a65e]" name="closE" is-config="true" duration-ms="1560" started-at="2019-07-18T12:30:17Z" finished-at="2019-07-18T12:30:19Z">
          <reporter-output>
          </reporter-output>
        </test-method> <!-- closE -->
      </class> <!-- PageVlidations.AppTest -->
    </test> <!-- Default test -->
  </suite> <!-- Default suite -->
</testng-results>
